  Source.cpp
E:\3.Models_of_population_Neurons\1.____(WB)____all-to-all\C++\Code\Project1\Project1\Source.cpp(94,20): warning C4305: 'initializing': truncation from 'double' to 'float'
E:\3.Models_of_population_Neurons\1.____(WB)____all-to-all\C++\Code\Project1\Project1\Source.cpp(99,19): warning C4244: 'initializing': conversion from 'double' to 'int', possible loss of data
E:\3.Models_of_population_Neurons\1.____(WB)____all-to-all\C++\Code\Project1\Project1\Source.cpp(112,19): warning C4244: 'initializing': conversion from 'double' to 'float', possible loss of data
E:\3.Models_of_population_Neurons\1.____(WB)____all-to-all\C++\Code\Project1\Project1\Source.cpp(223,31): warning C4244: 'argument': conversion from 'double' to 'const unsigned int', possible loss of data
E:\3.Models_of_population_Neurons\1.____(WB)____all-to-all\C++\Code\Project1\Project1\Source.cpp(230,53): warning C4244: 'argument': conversion from 'double' to 'const unsigned int', possible loss of data
E:\3.Models_of_population_Neurons\1.____(WB)____all-to-all\C++\Code\Project1\Project1\Source.cpp(230,30): warning C4244: 'argument': conversion from 'double' to 'const unsigned int', possible loss of data
E:\3.Models_of_population_Neurons\1.____(WB)____all-to-all\C++\Code\Project1\Project1\Source.cpp(283,14): warning C4244: 'argument': conversion from 'double' to 'const unsigned int', possible loss of data
E:\3.Models_of_population_Neurons\1.____(WB)____all-to-all\C++\Code\Project1\Project1\Source.cpp(286,16): warning C4244: 'argument': conversion from 'double' to 'const unsigned int', possible loss of data
E:\3.Models_of_population_Neurons\1.____(WB)____all-to-all\C++\Code\Project1\Project1\Source.cpp(287,16): warning C4244: 'argument': conversion from 'double' to 'const unsigned int', possible loss of data
E:\3.Models_of_population_Neurons\1.____(WB)____all-to-all\C++\Code\Project1\Project1\Source.cpp(288,16): warning C4244: 'argument': conversion from 'double' to 'const unsigned int', possible loss of data
E:\3.Models_of_population_Neurons\1.____(WB)____all-to-all\C++\Code\Project1\Project1\Source.cpp(289,16): warning C4244: 'argument': conversion from 'double' to 'const unsigned int', possible loss of data
E:\3.Models_of_population_Neurons\1.____(WB)____all-to-all\C++\Code\Project1\Project1\Source.cpp(290,20): warning C4244: 'argument': conversion from 'double' to 'const unsigned int', possible loss of data
E:\3.Models_of_population_Neurons\1.____(WB)____all-to-all\C++\Code\Project1\Project1\Source.cpp(293,17): warning C4244: 'argument': conversion from 'double' to 'const unsigned int', possible loss of data
E:\3.Models_of_population_Neurons\1.____(WB)____all-to-all\C++\Code\Project1\Project1\Source.cpp(294,18): warning C4244: 'argument': conversion from 'double' to 'const unsigned int', possible loss of data
E:\3.Models_of_population_Neurons\1.____(WB)____all-to-all\C++\Code\Project1\Project1\Source.cpp(305,24): warning C4244: 'argument': conversion from 'double' to 'const unsigned int', possible loss of data
E:\3.Models_of_population_Neurons\1.____(WB)____all-to-all\C++\Code\Project1\Project1\Source.cpp(305,42): warning C4244: 'argument': conversion from 'double' to 'const unsigned int', possible loss of data
E:\3.Models_of_population_Neurons\1.____(WB)____all-to-all\C++\Code\Project1\Project1\Source.cpp(305,60): warning C4244: 'argument': conversion from 'double' to 'const unsigned int', possible loss of data
E:\3.Models_of_population_Neurons\1.____(WB)____all-to-all\C++\Code\Project1\Project1\Source.cpp(306,19): warning C4244: 'argument': conversion from 'double' to 'const unsigned int', possible loss of data
E:\3.Models_of_population_Neurons\1.____(WB)____all-to-all\C++\Code\Project1\Project1\Source.cpp(306,32): warning C4244: 'argument': conversion from 'double' to 'const unsigned int', possible loss of data
E:\3.Models_of_population_Neurons\1.____(WB)____all-to-all\C++\Code\Project1\Project1\Source.cpp(306,45): warning C4244: 'argument': conversion from 'double' to 'const unsigned int', possible loss of data
E:\3.Models_of_population_Neurons\1.____(WB)____all-to-all\C++\Code\Project1\Project1\Source.cpp(307,19): warning C4244: 'argument': conversion from 'double' to 'const unsigned int', possible loss of data
E:\3.Models_of_population_Neurons\1.____(WB)____all-to-all\C++\Code\Project1\Project1\Source.cpp(307,32): warning C4244: 'argument': conversion from 'double' to 'const unsigned int', possible loss of data
E:\3.Models_of_population_Neurons\1.____(WB)____all-to-all\C++\Code\Project1\Project1\Source.cpp(307,45): warning C4244: 'argument': conversion from 'double' to 'const unsigned int', possible loss of data
E:\3.Models_of_population_Neurons\1.____(WB)____all-to-all\C++\Code\Project1\Project1\Source.cpp(307,58): warning C4244: 'argument': conversion from 'double' to 'const unsigned int', possible loss of data
E:\3.Models_of_population_Neurons\1.____(WB)____all-to-all\C++\Code\Project1\Project1\Source.cpp(346,19): warning C4244: 'initializing': conversion from '_Ty' to 'int', possible loss of data
          with
          [
              _Ty=double
          ]
E:\3.Models_of_population_Neurons\1.____(WB)____all-to-all\C++\Code\Project1\Project1\Source.cpp(348,37): warning C4244: 'argument': conversion from '_Ty' to 'const unsigned int', possible loss of data
          with
          [
              _Ty=double
          ]
E:\3.Models_of_population_Neurons\1.____(WB)____all-to-all\C++\Code\Project1\Project1\Source.cpp(351,33): warning C4244: 'argument': conversion from 'double' to 'const unsigned int', possible loss of data
E:\3.Models_of_population_Neurons\1.____(WB)____all-to-all\C++\Code\Project1\Project1\Source.cpp(358,94): warning C4554: '&': check operator precedence for possible error; use parentheses to clarify precedence
E:\3.Models_of_population_Neurons\1.____(WB)____all-to-all\C++\Code\Project1\Project1\Source.cpp(366,19): warning C4244: 'initializing': conversion from '_Ty' to 'int', possible loss of data
          with
          [
              _Ty=double
          ]
E:\3.Models_of_population_Neurons\1.____(WB)____all-to-all\C++\Code\Project1\Project1\Source.cpp(370,24): warning C4244: 'argument': conversion from '_Ty' to 'const unsigned int', possible loss of data
          with
          [
              _Ty=double
          ]
E:\3.Models_of_population_Neurons\1.____(WB)____all-to-all\C++\Code\Project1\Project1\Source.cpp(391,11): warning C4244: 'argument': conversion from 'double' to 'const unsigned int', possible loss of data
E:\3.Models_of_population_Neurons\1.____(WB)____all-to-all\C++\Code\Project1\Project1\Source.cpp(391,20): warning C4244: 'argument': conversion from 'double' to 'const unsigned int', possible loss of data
E:\3.Models_of_population_Neurons\1.____(WB)____all-to-all\C++\Code\Project1\Project1\Source.cpp(391,29): warning C4244: 'argument': conversion from 'double' to 'const unsigned int', possible loss of data
E:\3.Models_of_population_Neurons\1.____(WB)____all-to-all\C++\Code\Project1\Project1\Source.cpp(391,38): warning C4244: 'argument': conversion from 'double' to 'const unsigned int', possible loss of data
E:\3.Models_of_population_Neurons\1.____(WB)____all-to-all\C++\Code\Project1\Project1\Source.cpp(391,47): warning C4244: 'argument': conversion from 'double' to 'const unsigned int', possible loss of data
E:\3.Models_of_population_Neurons\1.____(WB)____all-to-all\C++\Code\Project1\Project1\Source.cpp(391,56): warning C4244: 'argument': conversion from 'double' to 'const unsigned int', possible loss of data
E:\3.Models_of_population_Neurons\1.____(WB)____all-to-all\C++\Code\Project1\Project1\Source.cpp(416,19): warning C4244: 'argument': conversion from 'double' to 'const unsigned int', possible loss of data
E:\3.Models_of_population_Neurons\1.____(WB)____all-to-all\C++\Code\Project1\Project1\Source.cpp(416,32): warning C4244: 'argument': conversion from 'double' to 'const unsigned int', possible loss of data
E:\3.Models_of_population_Neurons\1.____(WB)____all-to-all\C++\Code\Project1\Project1\Source.cpp(416,45): warning C4244: 'argument': conversion from 'double' to 'const unsigned int', possible loss of data
E:\3.Models_of_population_Neurons\1.____(WB)____all-to-all\C++\Code\Project1\Project1\Source.cpp(416,58): warning C4244: 'argument': conversion from 'double' to 'const unsigned int', possible loss of data
E:\3.Models_of_population_Neurons\1.____(WB)____all-to-all\C++\Code\Project1\Project1\Source.cpp(416,71): warning C4244: 'argument': conversion from 'double' to 'const unsigned int', possible loss of data
E:\3.Models_of_population_Neurons\1.____(WB)____all-to-all\C++\Code\Project1\Project1\Source.cpp(417,19): warning C4244: 'argument': conversion from 'double' to 'const unsigned int', possible loss of data
E:\3.Models_of_population_Neurons\1.____(WB)____all-to-all\C++\Code\Project1\Project1\Source.cpp(417,32): warning C4244: 'argument': conversion from 'double' to 'const unsigned int', possible loss of data
E:\3.Models_of_population_Neurons\1.____(WB)____all-to-all\C++\Code\Project1\Project1\Source.cpp(417,45): warning C4244: 'argument': conversion from 'double' to 'const unsigned int', possible loss of data
E:\3.Models_of_population_Neurons\1.____(WB)____all-to-all\C++\Code\Project1\Project1\Source.cpp(417,58): warning C4244: 'argument': conversion from 'double' to 'const unsigned int', possible loss of data
E:\3.Models_of_population_Neurons\1.____(WB)____all-to-all\C++\Code\Project1\Project1\Source.cpp(417,71): warning C4244: 'argument': conversion from 'double' to 'const unsigned int', possible loss of data
E:\3.Models_of_population_Neurons\1.____(WB)____all-to-all\C++\Code\Project1\Project1\Source.cpp(417,84): warning C4244: 'argument': conversion from 'double' to 'const unsigned int', possible loss of data
E:\3.Models_of_population_Neurons\1.____(WB)____all-to-all\C++\Code\Project1\Project1\Source.cpp(451,35): warning C4244: 'argument': conversion from 'double' to 'const unsigned int', possible loss of data
E:\3.Models_of_population_Neurons\1.____(WB)____all-to-all\C++\Code\Project1\Project1\Source.cpp(479,56): warning C4244: 'argument': conversion from '_Ty' to 'const unsigned int', possible loss of data
          with
          [
              _Ty=double
          ]
E:\3.Models_of_population_Neurons\1.____(WB)____all-to-all\C++\Code\Project1\Project1\Source.cpp(479,105): warning C4244: 'argument': conversion from '_Ty' to 'const unsigned int', possible loss of data
          with
          [
              _Ty=double
          ]
E:\3.Models_of_population_Neurons\1.____(WB)____all-to-all\C++\Code\Project1\Project1\Source.cpp(479,150): warning C4244: 'argument': conversion from '_Ty' to 'const unsigned int', possible loss of data
          with
          [
              _Ty=double
          ]
E:\3.Models_of_population_Neurons\1.____(WB)____all-to-all\C++\Code\Project1\Project1\Source.cpp(479,180): warning C4244: 'argument': conversion from '_Ty' to 'const unsigned int', possible loss of data
          with
          [
              _Ty=double
          ]
E:\3.Models_of_population_Neurons\1.____(WB)____all-to-all\C++\Code\Project1\Project1\Source.cpp(486,23): warning C4018: '<': signed/unsigned mismatch
  Project1.vcxproj -> E:\3.Models_of_population_Neurons\1.____(WB)____all-to-all\C++\Code\Project1\Debug\Project1.exe
